0 info it worked if it ends with ok
1 verbose cli [ '/usr/local/bin/node',
1 verbose cli   '/usr/local/bin/npm',
1 verbose cli   'install',
1 verbose cli   '--save',
1 verbose cli   'express',
1 verbose cli   'ejs' ]
2 info using npm@3.10.8
3 info using node@v5.10.1
4 silly loadCurrentTree Starting
5 silly install loadCurrentTree
6 silly install readLocalPackageData
7 silly fetchPackageMetaData express@^4.11.0
8 silly fetchPackageMetaData ejs
9 silly fetchNamedPackageData express
10 silly mapToRegistry name express
11 silly mapToRegistry using default registry
12 silly mapToRegistry registry https://registry.npmjs.org/
13 silly mapToRegistry data Result {
13 silly mapToRegistry   raw: 'express',
13 silly mapToRegistry   scope: null,
13 silly mapToRegistry   escapedName: 'express',
13 silly mapToRegistry   name: 'express',
13 silly mapToRegistry   rawSpec: '',
13 silly mapToRegistry   spec: 'latest',
13 silly mapToRegistry   type: 'tag' }
14 silly mapToRegistry uri https://registry.npmjs.org/express
15 silly fetchNamedPackageData ejs
16 silly mapToRegistry name ejs
17 silly mapToRegistry using default registry
18 silly mapToRegistry registry https://registry.npmjs.org/
19 silly mapToRegistry data Result {
19 silly mapToRegistry   raw: 'ejs',
19 silly mapToRegistry   scope: null,
19 silly mapToRegistry   escapedName: 'ejs',
19 silly mapToRegistry   name: 'ejs',
19 silly mapToRegistry   rawSpec: '',
19 silly mapToRegistry   spec: 'latest',
19 silly mapToRegistry   type: 'tag' }
20 silly mapToRegistry uri https://registry.npmjs.org/ejs
21 verbose request uri https://registry.npmjs.org/ejs
22 verbose request no auth needed
23 info attempt registry request try #1 at 4:30:15 PM
24 verbose request id 9c70331d5b09bb2e
25 verbose etag "ANTLXWS6XOK4KOYD2B38LU12L"
26 http request GET https://registry.npmjs.org/ejs
27 verbose request uri https://registry.npmjs.org/express
28 verbose request no auth needed
29 info attempt registry request try #1 at 4:30:15 PM
30 verbose etag "7SRDA5CHF4QN9GL993AFSQONA"
31 http request GET https://registry.npmjs.org/express
32 http 304 https://registry.npmjs.org/express
33 verbose headers { date: 'Fri, 30 Sep 2016 10:45:16 GMT',
33 verbose headers   via: '1.1 varnish',
33 verbose headers   'cache-control': 'max-age=300',
33 verbose headers   etag: '"7SRDA5CHF4QN9GL993AFSQONA"',
33 verbose headers   age: '43',
33 verbose headers   connection: 'keep-alive',
33 verbose headers   'x-served-by': 'cache-sin6927-SIN',
33 verbose headers   'x-cache': 'HIT',
33 verbose headers   'x-cache-hits': '1',
33 verbose headers   'x-timer': 'S1475232316.067991,VS0,VE0',
33 verbose headers   vary: 'Accept-Encoding' }
34 silly get cb [ 304,
34 silly get   { date: 'Fri, 30 Sep 2016 10:45:16 GMT',
34 silly get     via: '1.1 varnish',
34 silly get     'cache-control': 'max-age=300',
34 silly get     etag: '"7SRDA5CHF4QN9GL993AFSQONA"',
34 silly get     age: '43',
34 silly get     connection: 'keep-alive',
34 silly get     'x-served-by': 'cache-sin6927-SIN',
34 silly get     'x-cache': 'HIT',
34 silly get     'x-cache-hits': '1',
34 silly get     'x-timer': 'S1475232316.067991,VS0,VE0',
34 silly get     vary: 'Accept-Encoding' } ]
35 verbose etag https://registry.npmjs.org/express from cache
36 verbose get saving express to /home/madhu/.npm/registry.npmjs.org/express/.cache.json
37 verbose correctMkdir /home/madhu/.npm correctMkdir not in flight; initializing
38 http 304 https://registry.npmjs.org/ejs
39 verbose headers { date: 'Fri, 30 Sep 2016 10:45:16 GMT',
39 verbose headers   via: '1.1 varnish',
39 verbose headers   'cache-control': 'max-age=300',
39 verbose headers   etag: '"ANTLXWS6XOK4KOYD2B38LU12L"',
39 verbose headers   age: '90',
39 verbose headers   connection: 'keep-alive',
39 verbose headers   'x-served-by': 'cache-sin6926-SIN',
39 verbose headers   'x-cache': 'HIT',
39 verbose headers   'x-cache-hits': '2',
39 verbose headers   'x-timer': 'S1475232316.419939,VS0,VE0',
39 verbose headers   vary: 'Accept-Encoding' }
40 silly get cb [ 304,
40 silly get   { date: 'Fri, 30 Sep 2016 10:45:16 GMT',
40 silly get     via: '1.1 varnish',
40 silly get     'cache-control': 'max-age=300',
40 silly get     etag: '"ANTLXWS6XOK4KOYD2B38LU12L"',
40 silly get     age: '90',
40 silly get     connection: 'keep-alive',
40 silly get     'x-served-by': 'cache-sin6926-SIN',
40 silly get     'x-cache': 'HIT',
40 silly get     'x-cache-hits': '2',
40 silly get     'x-timer': 'S1475232316.419939,VS0,VE0',
40 silly get     vary: 'Accept-Encoding' } ]
41 verbose etag https://registry.npmjs.org/ejs from cache
42 verbose get saving ejs to /home/madhu/.npm/registry.npmjs.org/ejs/.cache.json
43 verbose correctMkdir /home/madhu/.npm correctMkdir not in flight; initializing
44 silly install normalizeTree
45 silly loadCurrentTree Finishing
46 silly loadIdealTree Starting
47 silly install loadIdealTree
48 silly cloneCurrentTree Starting
49 silly install cloneCurrentTreeToIdealTree
50 silly cloneCurrentTree Finishing
51 silly loadShrinkwrap Starting
52 silly install loadShrinkwrap
53 silly loadShrinkwrap Finishing
54 silly loadAllDepsIntoIdealTree Starting
55 silly install loadAllDepsIntoIdealTree
56 silly rollbackFailedOptional Starting
57 silly rollbackFailedOptional Finishing
58 silly runTopLevelLifecycles Finishing
59 silly install printInstalled
60 verbose stack Error: Refusing to install express as a dependency of itself
60 verbose stack     at checkSelf (/usr/local/lib/node_modules/npm/lib/install/validate-args.js:53:14)
60 verbose stack     at Array.<anonymous> (/usr/local/lib/node_modules/npm/node_modules/slide/lib/bind-actor.js:15:8)
60 verbose stack     at LOOP (/usr/local/lib/node_modules/npm/node_modules/slide/lib/chain.js:15:14)
60 verbose stack     at chain (/usr/local/lib/node_modules/npm/node_modules/slide/lib/chain.js:20:5)
60 verbose stack     at /usr/local/lib/node_modules/npm/lib/install/validate-args.js:16:5
60 verbose stack     at /usr/local/lib/node_modules/npm/node_modules/slide/lib/async-map.js:52:35
60 verbose stack     at Array.forEach (native)
60 verbose stack     at /usr/local/lib/node_modules/npm/node_modules/slide/lib/async-map.js:52:11
60 verbose stack     at Array.forEach (native)
60 verbose stack     at asyncMap (/usr/local/lib/node_modules/npm/node_modules/slide/lib/async-map.js:51:8)
61 verbose cwd /home/madhu/Workspace/node/express
62 error Linux 3.13.0-24-generic
63 error argv "/usr/local/bin/node" "/usr/local/bin/npm" "install" "--save" "express" "ejs"
64 error node v5.10.1
65 error npm  v3.10.8
66 error code ENOSELF
67 error Refusing to install express as a dependency of itself
68 error If you need help, you may report this error at:
68 error     <https://github.com/npm/npm/issues>
69 verbose exit [ 1, true ]
